<?xml version="1.0" encoding="UTF-8"?>
<testng-results ignored="0" total="3" passed="3" failed="0" skipped="0">
  <reporter-output>
  </reporter-output>
  <suite started-at="2025-04-10T10:01:14 IST" name="Default suite" finished-at="2025-04-10T10:01:34 IST" duration-ms="19653">
    <groups>
    </groups>
    <test started-at="2025-04-10T10:01:14 IST" name="Default test" finished-at="2025-04-10T10:01:34 IST" duration-ms="19653">
      <class name="com.in.AlertTestNG">
        <test-method is-config="true" signature="setup()[pri:0, instance:com.in.AlertTestNG@302552ec]" started-at="2025-04-10T10:01:14 IST" name="setup" finished-at="2025-04-10T10:01:23 IST" duration-ms="8605" status="PASS">
          <reporter-output>
          </reporter-output>
        </test-method> <!-- setup -->
        <test-method signature="handleSimpleAlert()[pri:1, instance:com.in.AlertTestNG@302552ec]" started-at="2025-04-10T10:01:23 IST" name="handleSimpleAlert" finished-at="2025-04-10T10:01:23 IST" duration-ms="213" status="PASS">
          <reporter-output>
          </reporter-output>
        </test-method> <!-- handleSimpleAlert -->
        <test-method signature="handleConfirmAlert()[pri:2, instance:com.in.AlertTestNG@302552ec]" started-at="2025-04-10T10:01:23 IST" name="handleConfirmAlert" finished-at="2025-04-10T10:01:29 IST" duration-ms="5266" status="PASS">
          <reporter-output>
          </reporter-output>
        </test-method> <!-- handleConfirmAlert -->
        <test-method signature="handlePromptAlert()[pri:3, instance:com.in.AlertTestNG@302552ec]" started-at="2025-04-10T10:01:29 IST" name="handlePromptAlert" finished-at="2025-04-10T10:01:34 IST" duration-ms="5157" status="PASS">
          <reporter-output>
          </reporter-output>
        </test-method> <!-- handlePromptAlert -->
        <test-method is-config="true" signature="tearDown()[pri:0, instance:com.in.AlertTestNG@302552ec]" started-at="2025-04-10T10:01:34 IST" name="tearDown" finished-at="2025-04-10T10:01:34 IST" duration-ms="358" status="PASS">
          <reporter-output>
          </reporter-output>
        </test-method> <!-- tearDown -->
      </class> <!-- com.in.AlertTestNG -->
    </test> <!-- Default test -->
  </suite> <!-- Default suite -->
</testng-results>
